<?xml version="1.0" encoding="UTF-8"?>
<testsuite xmlns:xsi="http://www.w3.org/2001/XMLSchema-instance" xsi:noNamespaceSchemaLocation="https://maven.apache.org/surefire/maven-surefire-plugin/xsd/surefire-test-report-3.0.xsd" version="3.0" name="SampleProject.Automation.AppTest" time="0.057" tests="3" errors="0" skipped="0" failures="0">
  <properties>
    <property name="java.specification.version" value="17"/>
    <property name="sun.cpu.isalist" value="amd64"/>
    <property name="sun.jnu.encoding" value="Cp1252"/>
    <property name="java.class.path" value="C:\Users\alokpandey02\eclipse-workspace\Playground\Automation\target\test-classes;C:\Users\alokpandey02\eclipse-workspace\Playground\Automation\target\classes;C:\Users\alokpandey02\.m2\repository\org\junit\jupiter\junit-jupiter-engine\5.7.1\junit-jupiter-engine-5.7.1.jar;C:\Users\alokpandey02\.m2\repository\org\apiguardian\apiguardian-api\1.1.0\apiguardian-api-1.1.0.jar;C:\Users\alokpandey02\.m2\repository\org\junit\platform\junit-platform-engine\1.7.1\junit-platform-engine-1.7.1.jar;C:\Users\alokpandey02\.m2\repository\org\opentest4j\opentest4j\1.2.0\opentest4j-1.2.0.jar;C:\Users\alokpandey02\.m2\repository\org\junit\platform\junit-platform-commons\1.7.1\junit-platform-commons-1.7.1.jar;C:\Users\alokpandey02\.m2\repository\org\junit\jupiter\junit-jupiter-api\5.7.1\junit-jupiter-api-5.7.1.jar;C:\Users\alokpandey02\.m2\repository\org\junit\jupiter\junit-jupiter-params\5.7.1\junit-jupiter-params-5.7.1.jar;C:\Users\alokpandey02\.m2\repository\org\seleniumhq\selenium\selenium-java\4.31.0\selenium-java-4.31.0.jar;C:\Users\alokpandey02\.m2\repository\org\seleniumhq\selenium\selenium-api\4.31.0\selenium-api-4.31.0.jar;C:\Users\alokpandey02\.m2\repository\org\jspecify\jspecify\1.0.0\jspecify-1.0.0.jar;C:\Users\alokpandey02\.m2\repository\org\seleniumhq\selenium\selenium-chrome-driver\4.31.0\selenium-chrome-driver-4.31.0.jar;C:\Users\alokpandey02\.m2\repository\com\google\auto\service\auto-service-annotations\1.1.1\auto-service-annotations-1.1.1.jar;C:\Users\alokpandey02\.m2\repository\org\seleniumhq\selenium\selenium-chromium-driver\4.31.0\selenium-chromium-driver-4.31.0.jar;C:\Users\alokpandey02\.m2\repository\org\seleniumhq\selenium\selenium-json\4.31.0\selenium-json-4.31.0.jar;C:\Users\alokpandey02\.m2\repository\org\seleniumhq\selenium\selenium-manager\4.31.0\selenium-manager-4.31.0.jar;C:\Users\alokpandey02\.m2\repository\org\seleniumhq\selenium\selenium-devtools-v133\4.31.0\selenium-devtools-v133-4.31.0.jar;C:\Users\alokpandey02\.m2\repository\org\seleniumhq\selenium\selenium-devtools-v134\4.31.0\selenium-devtools-v134-4.31.0.jar;C:\Users\alokpandey02\.m2\repository\org\seleniumhq\selenium\selenium-devtools-v135\4.31.0\selenium-devtools-v135-4.31.0.jar;C:\Users\alokpandey02\.m2\repository\org\seleniumhq\selenium\selenium-edge-driver\4.31.0\selenium-edge-driver-4.31.0.jar;C:\Users\alokpandey02\.m2\repository\org\seleniumhq\selenium\selenium-firefox-driver\4.31.0\selenium-firefox-driver-4.31.0.jar;C:\Users\alokpandey02\.m2\repository\org\seleniumhq\selenium\selenium-http\4.31.0\selenium-http-4.31.0.jar;C:\Users\alokpandey02\.m2\repository\org\seleniumhq\selenium\selenium-ie-driver\4.31.0\selenium-ie-driver-4.31.0.jar;C:\Users\alokpandey02\.m2\repository\org\seleniumhq\selenium\selenium-remote-driver\4.31.0\selenium-remote-driver-4.31.0.jar;C:\Users\alokpandey02\.m2\repository\com\google\guava\guava\33.4.6-jre\guava-33.4.6-jre.jar;C:\Users\alokpandey02\.m2\repository\com\google\guava\failureaccess\1.0.3\failureaccess-1.0.3.jar;C:\Users\alokpandey02\.m2\repository\com\google\guava\listenablefuture\9999.0-empty-to-avoid-conflict-with-guava\listenablefuture-9999.0-empty-to-avoid-conflict-with-guava.jar;C:\Users\alokpandey02\.m2\repository\com\google\errorprone\error_prone_annotations\2.36.0\error_prone_annotations-2.36.0.jar;C:\Users\alokpandey02\.m2\repository\com\google\j2objc\j2objc-annotations\3.0.0\j2objc-annotations-3.0.0.jar;C:\Users\alokpandey02\.m2\repository\io\opentelemetry\opentelemetry-api\1.48.0\opentelemetry-api-1.48.0.jar;C:\Users\alokpandey02\.m2\repository\io\opentelemetry\opentelemetry-context\1.48.0\opentelemetry-context-1.48.0.jar;C:\Users\alokpandey02\.m2\repository\io\opentelemetry\opentelemetry-exporter-logging\1.48.0\opentelemetry-exporter-logging-1.48.0.jar;C:\Users\alokpandey02\.m2\repository\io\opentelemetry\opentelemetry-sdk-common\1.48.0\opentelemetry-sdk-common-1.48.0.jar;C:\Users\alokpandey02\.m2\repository\io\opentelemetry\opentelemetry-sdk-extension-autoconfigure-spi\1.48.0\opentelemetry-sdk-extension-autoconfigure-spi-1.48.0.jar;C:\Users\alokpandey02\.m2\repository\io\opentelemetry\opentelemetry-sdk-extension-autoconfigure\1.48.0\opentelemetry-sdk-extension-autoconfigure-1.48.0.jar;C:\Users\alokpandey02\.m2\repository\io\opentelemetry\opentelemetry-sdk-trace\1.48.0\opentelemetry-sdk-trace-1.48.0.jar;C:\Users\alokpandey02\.m2\repository\io\opentelemetry\opentelemetry-sdk\1.48.0\opentelemetry-sdk-1.48.0.jar;C:\Users\alokpandey02\.m2\repository\io\opentelemetry\opentelemetry-sdk-metrics\1.48.0\opentelemetry-sdk-metrics-1.48.0.jar;C:\Users\alokpandey02\.m2\repository\io\opentelemetry\opentelemetry-sdk-logs\1.48.0\opentelemetry-sdk-logs-1.48.0.jar;C:\Users\alokpandey02\.m2\repository\net\bytebuddy\byte-buddy\1.17.5\byte-buddy-1.17.5.jar;C:\Users\alokpandey02\.m2\repository\org\seleniumhq\selenium\selenium-os\4.31.0\selenium-os-4.31.0.jar;C:\Users\alokpandey02\.m2\repository\org\apache\commons\commons-exec\1.4.0\commons-exec-1.4.0.jar;C:\Users\alokpandey02\.m2\repository\org\seleniumhq\selenium\selenium-safari-driver\4.31.0\selenium-safari-driver-4.31.0.jar;C:\Users\alokpandey02\.m2\repository\org\seleniumhq\selenium\selenium-support\4.31.0\selenium-support-4.31.0.jar;C:\Users\alokpandey02\.m2\repository\org\apache\maven\plugins\maven-surefire-plugin\3.5.3\maven-surefire-plugin-3.5.3.jar;C:\Users\alokpandey02\.m2\repository\org\apache\maven\surefire\surefire-api\3.5.3\surefire-api-3.5.3.jar;C:\Users\alokpandey02\.m2\repository\org\apache\maven\surefire\surefire-logger-api\3.5.3\surefire-logger-api-3.5.3.jar;C:\Users\alokpandey02\.m2\repository\org\apache\maven\surefire\surefire-shared-utils\3.5.3\surefire-shared-utils-3.5.3.jar;C:\Users\alokpandey02\.m2\repository\org\apache\maven\surefire\surefire-extensions-api\3.5.3\surefire-extensions-api-3.5.3.jar;C:\Users\alokpandey02\.m2\repository\org\apache\maven\surefire\maven-surefire-common\3.5.3\maven-surefire-common-3.5.3.jar;C:\Users\alokpandey02\.m2\repository\org\apache\maven\surefire\surefire-booter\3.5.3\surefire-booter-3.5.3.jar;C:\Users\alokpandey02\.m2\repository\org\apache\maven\surefire\surefire-extensions-spi\3.5.3\surefire-extensions-spi-3.5.3.jar;C:\Users\alokpandey02\.m2\repository\org\apache\maven\resolver\maven-resolver-util\1.4.1\maven-resolver-util-1.4.1.jar;C:\Users\alokpandey02\.m2\repository\org\apache\maven\resolver\maven-resolver-api\1.4.1\maven-resolver-api-1.4.1.jar;C:\Users\alokpandey02\.m2\repository\org\apache\maven\shared\maven-common-artifact-filters\3.4.0\maven-common-artifact-filters-3.4.0.jar;C:\Users\alokpandey02\.m2\repository\org\slf4j\slf4j-api\1.7.36\slf4j-api-1.7.36.jar;C:\Users\alokpandey02\.m2\repository\org\codehaus\plexus\plexus-java\1.4.0\plexus-java-1.4.0.jar;C:\Users\alokpandey02\.m2\repository\org\ow2\asm\asm\9.7.1\asm-9.7.1.jar;C:\Users\alokpandey02\.m2\repository\com\thoughtworks\qdox\qdox\2.2.0\qdox-2.2.0.jar;"/>
    <property name="java.vm.vendor" value="Oracle Corporation"/>
    <property name="sun.arch.data.model" value="64"/>
    <property name="user.variant" value=""/>
    <property name="java.vendor.url" value="https://java.oracle.com/"/>
    <property name="user.timezone" value="Asia/Calcutta"/>
    <property name="os.name" value="Windows 10"/>
    <property name="java.vm.specification.version" value="17"/>
    <property name="sun.java.launcher" value="SUN_STANDARD"/>
    <property name="user.country" value="US"/>
    <property name="sun.boot.library.path" value="C:\Users\alokpandey02\jdk-17\bin"/>
    <property name="sun.java.command" value="C:\Users\alokpandey02\AppData\Local\Temp\surefire7737522153816559998\surefirebooter3382713961992000793.jar C:\Users\alokpandey02\AppData\Local\Temp\surefire7737522153816559998 2025-04-06T15-11-14_772-jvmRun1 surefire943103796478112474tmp surefire_017773514082762524739tmp"/>
    <property name="jdk.debug" value="release"/>
    <property name="surefire.test.class.path" value="C:\Users\alokpandey02\eclipse-workspace\Playground\Automation\target\test-classes;C:\Users\alokpandey02\eclipse-workspace\Playground\Automation\target\classes;C:\Users\alokpandey02\.m2\repository\org\junit\jupiter\junit-jupiter-engine\5.7.1\junit-jupiter-engine-5.7.1.jar;C:\Users\alokpandey02\.m2\repository\org\apiguardian\apiguardian-api\1.1.0\apiguardian-api-1.1.0.jar;C:\Users\alokpandey02\.m2\repository\org\junit\platform\junit-platform-engine\1.7.1\junit-platform-engine-1.7.1.jar;C:\Users\alokpandey02\.m2\repository\org\opentest4j\opentest4j\1.2.0\opentest4j-1.2.0.jar;C:\Users\alokpandey02\.m2\repository\org\junit\platform\junit-platform-commons\1.7.1\junit-platform-commons-1.7.1.jar;C:\Users\alokpandey02\.m2\repository\org\junit\jupiter\junit-jupiter-api\5.7.1\junit-jupiter-api-5.7.1.jar;C:\Users\alokpandey02\.m2\repository\org\junit\jupiter\junit-jupiter-params\5.7.1\junit-jupiter-params-5.7.1.jar;C:\Users\alokpandey02\.m2\repository\org\seleniumhq\selenium\selenium-java\4.31.0\selenium-java-4.31.0.jar;C:\Users\alokpandey02\.m2\repository\org\seleniumhq\selenium\selenium-api\4.31.0\selenium-api-4.31.0.jar;C:\Users\alokpandey02\.m2\repository\org\jspecify\jspecify\1.0.0\jspecify-1.0.0.jar;C:\Users\alokpandey02\.m2\repository\org\seleniumhq\selenium\selenium-chrome-driver\4.31.0\selenium-chrome-driver-4.31.0.jar;C:\Users\alokpandey02\.m2\repository\com\google\auto\service\auto-service-annotations\1.1.1\auto-service-annotations-1.1.1.jar;C:\Users\alokpandey02\.m2\repository\org\seleniumhq\selenium\selenium-chromium-driver\4.31.0\selenium-chromium-driver-4.31.0.jar;C:\Users\alokpandey02\.m2\repository\org\seleniumhq\selenium\selenium-json\4.31.0\selenium-json-4.31.0.jar;C:\Users\alokpandey02\.m2\repository\org\seleniumhq\selenium\selenium-manager\4.31.0\selenium-manager-4.31.0.jar;C:\Users\alokpandey02\.m2\repository\org\seleniumhq\selenium\selenium-devtools-v133\4.31.0\selenium-devtools-v133-4.31.0.jar;C:\Users\alokpandey02\.m2\repository\org\seleniumhq\selenium\selenium-devtools-v134\4.31.0\selenium-devtools-v134-4.31.0.jar;C:\Users\alokpandey02\.m2\repository\org\seleniumhq\selenium\selenium-devtools-v135\4.31.0\selenium-devtools-v135-4.31.0.jar;C:\Users\alokpandey02\.m2\repository\org\seleniumhq\selenium\selenium-edge-driver\4.31.0\selenium-edge-driver-4.31.0.jar;C:\Users\alokpandey02\.m2\repository\org\seleniumhq\selenium\selenium-firefox-driver\4.31.0\selenium-firefox-driver-4.31.0.jar;C:\Users\alokpandey02\.m2\repository\org\seleniumhq\selenium\selenium-http\4.31.0\selenium-http-4.31.0.jar;C:\Users\alokpandey02\.m2\repository\org\seleniumhq\selenium\selenium-ie-driver\4.31.0\selenium-ie-driver-4.31.0.jar;C:\Users\alokpandey02\.m2\repository\org\seleniumhq\selenium\selenium-remote-driver\4.31.0\selenium-remote-driver-4.31.0.jar;C:\Users\alokpandey02\.m2\repository\com\google\guava\guava\33.4.6-jre\guava-33.4.6-jre.jar;C:\Users\alokpandey02\.m2\repository\com\google\guava\failureaccess\1.0.3\failureaccess-1.0.3.jar;C:\Users\alokpandey02\.m2\repository\com\google\guava\listenablefuture\9999.0-empty-to-avoid-conflict-with-guava\listenablefuture-9999.0-empty-to-avoid-conflict-with-guava.jar;C:\Users\alokpandey02\.m2\repository\com\google\errorprone\error_prone_annotations\2.36.0\error_prone_annotations-2.36.0.jar;C:\Users\alokpandey02\.m2\repository\com\google\j2objc\j2objc-annotations\3.0.0\j2objc-annotations-3.0.0.jar;C:\Users\alokpandey02\.m2\repository\io\opentelemetry\opentelemetry-api\1.48.0\opentelemetry-api-1.48.0.jar;C:\Users\alokpandey02\.m2\repository\io\opentelemetry\opentelemetry-context\1.48.0\opentelemetry-context-1.48.0.jar;C:\Users\alokpandey02\.m2\repository\io\opentelemetry\opentelemetry-exporter-logging\1.48.0\opentelemetry-exporter-logging-1.48.0.jar;C:\Users\alokpandey02\.m2\repository\io\opentelemetry\opentelemetry-sdk-common\1.48.0\opentelemetry-sdk-common-1.48.0.jar;C:\Users\alokpandey02\.m2\repository\io\opentelemetry\opentelemetry-sdk-extension-autoconfigure-spi\1.48.0\opentelemetry-sdk-extension-autoconfigure-spi-1.48.0.jar;C:\Users\alokpandey02\.m2\repository\io\opentelemetry\opentelemetry-sdk-extension-autoconfigure\1.48.0\opentelemetry-sdk-extension-autoconfigure-1.48.0.jar;C:\Users\alokpandey02\.m2\repository\io\opentelemetry\opentelemetry-sdk-trace\1.48.0\opentelemetry-sdk-trace-1.48.0.jar;C:\Users\alokpandey02\.m2\repository\io\opentelemetry\opentelemetry-sdk\1.48.0\opentelemetry-sdk-1.48.0.jar;C:\Users\alokpandey02\.m2\repository\io\opentelemetry\opentelemetry-sdk-metrics\1.48.0\opentelemetry-sdk-metrics-1.48.0.jar;C:\Users\alokpandey02\.m2\repository\io\opentelemetry\opentelemetry-sdk-logs\1.48.0\opentelemetry-sdk-logs-1.48.0.jar;C:\Users\alokpandey02\.m2\repository\net\bytebuddy\byte-buddy\1.17.5\byte-buddy-1.17.5.jar;C:\Users\alokpandey02\.m2\repository\org\seleniumhq\selenium\selenium-os\4.31.0\selenium-os-4.31.0.jar;C:\Users\alokpandey02\.m2\repository\org\apache\commons\commons-exec\1.4.0\commons-exec-1.4.0.jar;C:\Users\alokpandey02\.m2\repository\org\seleniumhq\selenium\selenium-safari-driver\4.31.0\selenium-safari-driver-4.31.0.jar;C:\Users\alokpandey02\.m2\repository\org\seleniumhq\selenium\selenium-support\4.31.0\selenium-support-4.31.0.jar;C:\Users\alokpandey02\.m2\repository\org\apache\maven\plugins\maven-surefire-plugin\3.5.3\maven-surefire-plugin-3.5.3.jar;C:\Users\alokpandey02\.m2\repository\org\apache\maven\surefire\surefire-api\3.5.3\surefire-api-3.5.3.jar;C:\Users\alokpandey02\.m2\repository\org\apache\maven\surefire\surefire-logger-api\3.5.3\surefire-logger-api-3.5.3.jar;C:\Users\alokpandey02\.m2\repository\org\apache\maven\surefire\surefire-shared-utils\3.5.3\surefire-shared-utils-3.5.3.jar;C:\Users\alokpandey02\.m2\repository\org\apache\maven\surefire\surefire-extensions-api\3.5.3\surefire-extensions-api-3.5.3.jar;C:\Users\alokpandey02\.m2\repository\org\apache\maven\surefire\maven-surefire-common\3.5.3\maven-surefire-common-3.5.3.jar;C:\Users\alokpandey02\.m2\repository\org\apache\maven\surefire\surefire-booter\3.5.3\surefire-booter-3.5.3.jar;C:\Users\alokpandey02\.m2\repository\org\apache\maven\surefire\surefire-extensions-spi\3.5.3\surefire-extensions-spi-3.5.3.jar;C:\Users\alokpandey02\.m2\repository\org\apache\maven\resolver\maven-resolver-util\1.4.1\maven-resolver-util-1.4.1.jar;C:\Users\alokpandey02\.m2\repository\org\apache\maven\resolver\maven-resolver-api\1.4.1\maven-resolver-api-1.4.1.jar;C:\Users\alokpandey02\.m2\repository\org\apache\maven\shared\maven-common-artifact-filters\3.4.0\maven-common-artifact-filters-3.4.0.jar;C:\Users\alokpandey02\.m2\repository\org\slf4j\slf4j-api\1.7.36\slf4j-api-1.7.36.jar;C:\Users\alokpandey02\.m2\repository\org\codehaus\plexus\plexus-java\1.4.0\plexus-java-1.4.0.jar;C:\Users\alokpandey02\.m2\repository\org\ow2\asm\asm\9.7.1\asm-9.7.1.jar;C:\Users\alokpandey02\.m2\repository\com\thoughtworks\qdox\qdox\2.2.0\qdox-2.2.0.jar;"/>
    <property name="sun.cpu.endian" value="little"/>
    <property name="user.home" value="C:\Users\alokpandey02"/>
    <property name="user.language" value="en"/>
    <property name="java.specification.vendor" value="Oracle Corporation"/>
    <property name="java.version.date" value="2021-09-14"/>
    <property name="java.home" value="C:\Users\alokpandey02\jdk-17"/>
    <property name="file.separator" value="\"/>
    <property name="basedir" value="C:\Users\alokpandey02\eclipse-workspace\Playground\Automation"/>
    <property name="java.vm.compressedOopsMode" value="Zero based"/>
    <property name="line.separator" value="&#10;"/>
    <property name="java.vm.specification.vendor" value="Oracle Corporation"/>
    <property name="java.specification.name" value="Java Platform API Specification"/>
    <property name="surefire.real.class.path" value="C:\Users\alokpandey02\AppData\Local\Temp\surefire7737522153816559998\surefirebooter3382713961992000793.jar"/>
    <property name="user.script" value=""/>
    <property name="sun.management.compiler" value="HotSpot 64-Bit Tiered Compilers"/>
    <property name="java.runtime.version" value="17+35-2724"/>
    <property name="user.name" value="alokpandey02"/>
    <property name="path.separator" value=";"/>
    <property name="os.version" value="10.0"/>
    <property name="java.runtime.name" value="OpenJDK Runtime Environment"/>
    <property name="file.encoding" value="Cp1252"/>
    <property name="java.vm.name" value="OpenJDK 64-Bit Server VM"/>
    <property name="localRepository" value="C:\Users\alokpandey02\.m2\repository"/>
    <property name="java.vendor.url.bug" value="https://bugreport.java.com/bugreport/"/>
    <property name="java.io.tmpdir" value="C:\Users\ALOKPA~1\AppData\Local\Temp\"/>
    <property name="java.version" value="17"/>
    <property name="user.dir" value="C:\Users\alokpandey02\eclipse-workspace\Playground\Automation"/>
    <property name="os.arch" value="amd64"/>
    <property name="java.vm.specification.name" value="Java Virtual Machine Specification"/>
    <property name="sun.os.patch.level" value=""/>
    <property name="native.encoding" value="Cp1252"/>
    <property name="java.library.path" value="C:\Users\alokpandey02\jdk-17\bin;C:\WINDOWS\Sun\Java\bin;C:\WINDOWS\system32;C:\WINDOWS;C:\Program Files\Microsoft SDKs\Azure\CLI2\wbin;C:\WINDOWS\system32;C:\WINDOWS;C:\WINDOWS\System32\Wbem;C:\WINDOWS\System32\WindowsPowerShell\v1.0\;C:\WINDOWS\System32\OpenSSH\;C:\Users\alokpandey02\apache-maven-3.9.6\bin;C:\Users\alokpandey02\jdk-17\bin;C:\Users\alokpandey02\AppData\Local\Android\Sdk\platform-tools;C:\Program Files\dotnet\;C:\Program Files\TortoiseSVN\bin;C:\Program Files\Git\cmd;C:\apache-jmeter-5.6.3\bin;C:\Program Files\nodejs\;C:\Users\alokpandey02\Sonarqube\bin\windows-x86-64;C:\Users\alokpandey02\Sonarqube\bin;C:\Users\alokpandey02\AppData\Local\Microsoft\WindowsApps;C:\Users\alokpandey02\AppData\Local\Programs\Microsoft VS Code\bin;C:\Users\alokpandey02\AppData\Roaming\npm;C:\Users\alokpandey02\AppData\Local\Programs\Git\cmd;C:\Users\alokpandey02\.dotnet\tools;."/>
    <property name="java.vm.info" value="mixed mode, sharing"/>
    <property name="java.vendor" value="Oracle Corporation"/>
    <property name="java.vm.version" value="17+35-2724"/>
    <property name="sun.io.unicode.encoding" value="UnicodeLittle"/>
    <property name="java.class.version" value="61.0"/>
  </properties>
  <testcase name="Test1" classname="SampleProject.Automation.AppTest" time="0.031"/>
  <testcase name="Test2" classname="SampleProject.Automation.AppTest" time="0.001"/>
  <testcase name="Test3" classname="SampleProject.Automation.AppTest" time="0"/>
</testsuite>