<?xml version="1.0" encoding="UTF-8"?>
<!-- Generated by org.testng.reporters.JUnitReportReporter -->
<testsuite hostname="IN-BXWVDK3" failures="0" tests="3" name="SampleProject.Automation.AppTest" time="8.120" errors="0" timestamp="2025-04-07T08:51:59 IST" skipped="0">
  <testcase classname="SampleProject.Automation.AppTest" name="Test1" time="3.583"/>
  <testcase classname="SampleProject.Automation.AppTest" name="Test3" time="2.422"/>
  <testcase classname="SampleProject.Automation.AppTest" name="Test2" time="2.115"/>
</testsuite> <!-- SampleProject.Automation.AppTest -->
